2020-03-05 17:44:48,339 - Start training resnet18 on cuda...
2020-03-05 17:44:48,339 - ======================================================================================================================
2020-03-05 17:44:48,339 - lr: 0.0001
2020-03-05 17:44:48,339 - batch size: 128
2020-03-05 17:44:48,339 - weight decay: 0.05
2020-03-05 17:44:48,339 - model: resnet18
2020-03-05 17:44:48,339 - epochs: 20
2020-03-05 17:44:48,339 - description: focal loss, data augument RandomErasing, ColorJitter(1), Adam, lr decay
2020-03-05 17:44:48,339 - lr decay interval: 10
2020-03-05 17:44:48,339 - lr decay: 0.1
2020-03-05 17:44:48,339 - ======================================================================================================================
2020-03-05 17:44:49,017 - Epoch: [1/20]	 Batch[0/114]	 Loss: 1.58502	 Train Accuracy: 0.21875
2020-03-05 17:44:58,635 - Epoch: [1/20]	 Batch[50/114]	 Loss: 1.27461	 Train Accuracy: 0.34176
2020-03-05 17:45:08,284 - Epoch: [1/20]	 Batch[100/114]	 Loss: 1.41013	 Train Accuracy: 0.35705
2020-03-05 17:45:10,686 - Epoch: [1/20]	 Train Accuracy: 0.36022617569990345	 Train Loss: 0.01047378756263111
2020-03-05 17:45:10,687 - Train accuracy on different classes: [0.49635036496350365, 0.13546126897625535, 0.17661795407098121, 0.4370651486401012]
2020-03-05 17:45:12,934 - Epoch: [1/20]	 Validation Accuracy: 0.4455937112122466	 Validation Loss: 0.009589381882806036
2020-03-05 17:45:12,935 - Val accuracy on different classes: [0.6300863131935882, 0.18757763975155278, 0.11558441558441558, 0.5448992058643861]
2020-03-05 17:45:12,935 - ======================================================================================================================
2020-03-05 17:45:12,937 - epoch: 1 The best is 0.4455937112122466 last best is 0.0
2020-03-05 17:45:12,985 - Have saved model with acc 0.4455937112122466 to logs/resnet18_2020-03-05_17:44:46/
2020-03-05 17:45:12,985 - ======================================================================================================================
2020-03-05 17:45:13,426 - Epoch: [2/20]	 Batch[0/114]	 Loss: 1.21476	 Train Accuracy: 0.42969
2020-03-05 17:45:23,041 - Epoch: [2/20]	 Batch[50/114]	 Loss: 1.32668	 Train Accuracy: 0.40242
2020-03-05 17:45:32,674 - Epoch: [2/20]	 Batch[100/114]	 Loss: 1.21603	 Train Accuracy: 0.40517
2020-03-05 17:45:35,083 - Epoch: [2/20]	 Train Accuracy: 0.40532340366845954	 Train Loss: 0.009917480890347437
2020-03-05 17:45:35,083 - Train accuracy on different classes: [0.5295099061522419, 0.19968859478396264, 0.24133611691022966, 0.47396162766181743]
2020-03-05 17:45:37,337 - Epoch: [2/20]	 Validation Accuracy: 0.4369052544476624	 Validation Loss: 0.009597590603905371
2020-03-05 17:45:37,337 - Val accuracy on different classes: [0.43403205918618987, 0.12173913043478261, 0.14935064935064934, 0.7299938912645082]
2020-03-05 17:45:37,337 - ======================================================================================================================
2020-03-05 17:45:37,785 - Epoch: [3/20]	 Batch[0/114]	 Loss: 1.24501	 Train Accuracy: 0.40625
2020-03-05 17:45:47,444 - Epoch: [3/20]	 Batch[50/114]	 Loss: 1.17444	 Train Accuracy: 0.42188
2020-03-05 17:45:57,235 - Epoch: [3/20]	 Batch[100/114]	 Loss: 1.23149	 Train Accuracy: 0.43062
2020-03-05 17:45:59,691 - Epoch: [3/20]	 Train Accuracy: 0.4328368500896428	 Train Loss: 0.00962671307494206
2020-03-05 17:45:59,692 - Train accuracy on different classes: [0.5491136600625651, 0.22771506422732582, 0.2659707724425887, 0.5106472696605524]
2020-03-05 17:46:02,154 - Epoch: [3/20]	 Validation Accuracy: 0.4917252792718246	 Validation Loss: 0.009026988335863144
2020-03-05 17:46:02,155 - Val accuracy on different classes: [0.5228113440197287, 0.43850931677018634, 0.44935064935064933, 0.5070250458155162]
2020-03-05 17:46:02,155 - ======================================================================================================================
2020-03-05 17:46:02,155 - epoch: 3 The best is 0.4917252792718246 last best is 0.4455937112122466
2020-03-05 17:46:02,202 - Have saved model with acc 0.4917252792718246 to logs/resnet18_2020-03-05_17:44:46/
2020-03-05 17:46:02,203 - ======================================================================================================================
2020-03-05 17:46:02,692 - Epoch: [4/20]	 Batch[0/114]	 Loss: 1.13205	 Train Accuracy: 0.52344
2020-03-05 17:46:13,024 - Epoch: [4/20]	 Batch[50/114]	 Loss: 1.10938	 Train Accuracy: 0.44868
2020-03-05 17:46:23,501 - Epoch: [4/20]	 Batch[100/114]	 Loss: 1.17928	 Train Accuracy: 0.44933
2020-03-05 17:46:26,267 - Epoch: [4/20]	 Train Accuracy: 0.4473176113639498	 Train Loss: 0.009453875042622443
2020-03-05 17:46:26,267 - Train accuracy on different classes: [0.5687174139728884, 0.2522382249902686, 0.29728601252609604, 0.5060088551549652]
2020-03-05 17:46:28,818 - Epoch: [4/20]	 Validation Accuracy: 0.4611088125775755	 Validation Loss: 0.009144942006839915
2020-03-05 17:46:28,819 - Val accuracy on different classes: [0.6763255240443896, 0.5714285714285714, 0.12727272727272726, 0.3506414172266341]
2020-03-05 17:46:28,819 - ======================================================================================================================
2020-03-05 17:46:29,373 - Epoch: [5/20]	 Batch[0/114]	 Loss: 1.25153	 Train Accuracy: 0.40625
2020-03-05 17:46:39,635 - Epoch: [5/20]	 Batch[50/114]	 Loss: 1.10801	 Train Accuracy: 0.46829
2020-03-05 17:46:49,993 - Epoch: [5/20]	 Batch[100/114]	 Loss: 1.17755	 Train Accuracy: 0.46179
2020-03-05 17:46:52,466 - Epoch: [5/20]	 Train Accuracy: 0.46048820852296235	 Train Loss: 0.009291609243398995
2020-03-05 17:46:52,467 - Train accuracy on different classes: [0.5612095933263817, 0.2744258466329311, 0.33110647181628394, 0.5247733502002951]
2020-03-05 17:46:54,841 - Epoch: [5/20]	 Validation Accuracy: 0.4857261067438974	 Validation Loss: 0.008938998242868685
2020-03-05 17:46:54,841 - Val accuracy on different classes: [0.45376078914919854, 0.5043478260869565, 0.2519480519480519, 0.6182040317654246]
2020-03-05 17:46:54,841 - ======================================================================================================================
2020-03-05 17:46:55,303 - Epoch: [6/20]	 Batch[0/114]	 Loss: 1.13324	 Train Accuracy: 0.48438
2020-03-05 17:47:05,249 - Epoch: [6/20]	 Batch[50/114]	 Loss: 1.18654	 Train Accuracy: 0.46860
2020-03-05 17:47:15,036 - Epoch: [6/20]	 Batch[100/114]	 Loss: 1.23126	 Train Accuracy: 0.47092
2020-03-05 17:47:17,553 - Epoch: [6/20]	 Train Accuracy: 0.47234864156668044	 Train Loss: 0.009179133425053523
2020-03-05 17:47:17,554 - Train accuracy on different classes: [0.5879040667361836, 0.3246399377189568, 0.32609603340292276, 0.509382247522665]
2020-03-05 17:47:19,950 - Epoch: [6/20]	 Validation Accuracy: 0.46193628465039305	 Validation Loss: 0.009787804709518552
2020-03-05 17:47:19,950 - Val accuracy on different classes: [0.2096177558569667, 0.2062111801242236, 0.4831168831168831, 0.8277336591325596]
2020-03-05 17:47:19,950 - ======================================================================================================================
2020-03-05 17:47:20,433 - Epoch: [7/20]	 Batch[0/114]	 Loss: 1.07231	 Train Accuracy: 0.50781
2020-03-05 17:47:30,622 - Epoch: [7/20]	 Batch[50/114]	 Loss: 1.15518	 Train Accuracy: 0.46538
2020-03-05 17:47:40,889 - Epoch: [7/20]	 Batch[100/114]	 Loss: 1.17154	 Train Accuracy: 0.46836
2020-03-05 17:47:43,327 - Epoch: [7/20]	 Train Accuracy: 0.4678665011722521	 Train Loss: 0.00919591270797155
2020-03-05 17:47:43,328 - Train accuracy on different classes: [0.5526590198123045, 0.30439859867652785, 0.33653444676409183, 0.5370018975332068]
2020-03-05 17:47:45,593 - Epoch: [7/20]	 Validation Accuracy: 0.48179561439801405	 Validation Loss: 0.008971822375249015
2020-03-05 17:47:45,594 - Val accuracy on different classes: [0.36991368680641185, 0.4161490683229814, 0.2012987012987013, 0.7568723274282224]
2020-03-05 17:47:45,594 - ======================================================================================================================
2020-03-05 17:47:46,055 - Epoch: [8/20]	 Batch[0/114]	 Loss: 1.11604	 Train Accuracy: 0.49219
2020-03-05 17:47:55,817 - Epoch: [8/20]	 Batch[50/114]	 Loss: 1.15847	 Train Accuracy: 0.47350
2020-03-05 17:48:05,560 - Epoch: [8/20]	 Batch[100/114]	 Loss: 1.10161	 Train Accuracy: 0.47300
2020-03-05 17:48:07,999 - Epoch: [8/20]	 Train Accuracy: 0.4733829816577024	 Train Loss: 0.009109593990539257
2020-03-05 17:48:07,999 - Train accuracy on different classes: [0.5735140771637122, 0.282600233553912, 0.3436325678496868, 0.5410078009698503]
2020-03-05 17:48:10,268 - Epoch: [8/20]	 Validation Accuracy: 0.47165908150599917	 Validation Loss: 0.009189619054269535
2020-03-05 17:48:10,268 - Val accuracy on different classes: [0.45869297163995065, 0.5863354037267081, 0.5298701298701298, 0.4007330482590104]
2020-03-05 17:48:10,268 - ======================================================================================================================
2020-03-05 17:48:10,725 - Epoch: [9/20]	 Batch[0/114]	 Loss: 1.16013	 Train Accuracy: 0.43750
2020-03-05 17:48:20,460 - Epoch: [9/20]	 Batch[50/114]	 Loss: 1.07444	 Train Accuracy: 0.48300
2020-03-05 17:48:30,214 - Epoch: [9/20]	 Batch[100/114]	 Loss: 1.13028	 Train Accuracy: 0.47981
2020-03-05 17:48:32,651 - Epoch: [9/20]	 Train Accuracy: 0.48007171424631084	 Train Loss: 0.009054372498387716
2020-03-05 17:48:32,652 - Train accuracy on different classes: [0.5808133472367049, 0.31957960295834953, 0.36784968684759917, 0.5218216318785579]
2020-03-05 17:48:34,952 - Epoch: [9/20]	 Validation Accuracy: 0.494621431526686	 Validation Loss: 0.008927900028169575
2020-03-05 17:48:34,952 - Val accuracy on different classes: [0.7016029593094945, 0.22236024844720498, 0.474025974025974, 0.4331093463653024]
2020-03-05 17:48:34,952 - ======================================================================================================================
2020-03-05 17:48:34,953 - epoch: 9 The best is 0.494621431526686 last best is 0.4917252792718246
2020-03-05 17:48:34,996 - Have saved model with acc 0.494621431526686 to logs/resnet18_2020-03-05_17:44:46/
2020-03-05 17:48:34,996 - ======================================================================================================================
2020-03-05 17:48:35,467 - Epoch: [10/20]	 Batch[0/114]	 Loss: 1.15699	 Train Accuracy: 0.50781
2020-03-05 17:48:45,412 - Epoch: [10/20]	 Batch[50/114]	 Loss: 1.16976	 Train Accuracy: 0.48759
2020-03-05 17:48:55,442 - Epoch: [10/20]	 Batch[100/114]	 Loss: 1.12721	 Train Accuracy: 0.48082
2020-03-05 17:48:58,000 - Epoch: [10/20]	 Train Accuracy: 0.4789684181492208	 Train Loss: 0.009039832795674087
2020-03-05 17:48:58,001 - Train accuracy on different classes: [0.5916579770594369, 0.3137407551576489, 0.3665970772442589, 0.5112797807294961]
2020-03-05 17:49:00,288 - Epoch: [10/20]	 Validation Accuracy: 0.49296648738105087	 Validation Loss: 0.008936660936858272
2020-03-05 17:49:00,288 - Val accuracy on different classes: [0.41738594327990136, 0.5428571428571428, 0.2896103896103896, 0.6389737324373854]
2020-03-05 17:49:00,289 - ======================================================================================================================
2020-03-05 17:49:00,773 - Epoch: [11/20]	 Batch[0/114]	 Loss: 1.11649	 Train Accuracy: 0.50000
2020-03-05 17:49:10,745 - Epoch: [11/20]	 Batch[50/114]	 Loss: 1.10280	 Train Accuracy: 0.50429
2020-03-05 17:49:20,759 - Epoch: [11/20]	 Batch[100/114]	 Loss: 1.04761	 Train Accuracy: 0.52398
2020-03-05 17:49:23,286 - Epoch: [11/20]	 Train Accuracy: 0.5256516342573438	 Train Loss: 0.008420983991398021
2020-03-05 17:49:23,286 - Train accuracy on different classes: [0.5868613138686132, 0.39976644608797196, 0.44968684759916494, 0.570314147164242]
2020-03-05 17:49:25,569 - Epoch: [11/20]	 Validation Accuracy: 0.5299958626396359	 Validation Loss: 0.008498009345133934
2020-03-05 17:49:25,569 - Val accuracy on different classes: [0.4747225647348952, 0.5118012422360249, 0.412987012987013, 0.6487477092241906]
2020-03-05 17:49:25,570 - ======================================================================================================================
2020-03-05 17:49:25,570 - epoch: 11 The best is 0.5299958626396359 last best is 0.494621431526686
2020-03-05 17:49:25,615 - Have saved model with acc 0.5299958626396359 to logs/resnet18_2020-03-05_17:44:46/
2020-03-05 17:49:25,615 - ======================================================================================================================
2020-03-05 17:49:26,082 - Epoch: [12/20]	 Batch[0/114]	 Loss: 0.99788	 Train Accuracy: 0.52344
2020-03-05 17:49:35,828 - Epoch: [12/20]	 Batch[50/114]	 Loss: 1.02196	 Train Accuracy: 0.54534
2020-03-05 17:49:45,589 - Epoch: [12/20]	 Batch[100/114]	 Loss: 0.91905	 Train Accuracy: 0.54966
2020-03-05 17:49:48,111 - Epoch: [12/20]	 Train Accuracy: 0.5524755206178458	 Train Loss: 0.008051461819007042
2020-03-05 17:49:48,111 - Train accuracy on different classes: [0.6089676746611054, 0.4223433242506812, 0.4793319415448852, 0.6027830487033523]
2020-03-05 17:49:50,424 - Epoch: [12/20]	 Validation Accuracy: 0.5395117914770376	 Validation Loss: 0.00841408440235187
2020-03-05 17:49:50,425 - Val accuracy on different classes: [0.5844636251541308, 0.391304347826087, 0.45584415584415583, 0.6072083078802688]
2020-03-05 17:49:50,425 - ======================================================================================================================
2020-03-05 17:49:50,426 - epoch: 12 The best is 0.5395117914770376 last best is 0.5299958626396359
2020-03-05 17:49:50,469 - Have saved model with acc 0.5395117914770376 to logs/resnet18_2020-03-05_17:44:46/
2020-03-05 17:49:50,469 - ======================================================================================================================
2020-03-05 17:49:50,920 - Epoch: [13/20]	 Batch[0/114]	 Loss: 1.01657	 Train Accuracy: 0.57031
2020-03-05 17:50:00,764 - Epoch: [13/20]	 Batch[50/114]	 Loss: 0.93994	 Train Accuracy: 0.56786
2020-03-05 17:50:10,848 - Epoch: [13/20]	 Batch[100/114]	 Loss: 1.06909	 Train Accuracy: 0.56946
2020-03-05 17:50:13,395 - Epoch: [13/20]	 Train Accuracy: 0.5701282581712868	 Train Loss: 0.007853578693405413
2020-03-05 17:50:13,396 - Train accuracy on different classes: [0.6275286757038582, 0.4480342545737641, 0.5156576200417536, 0.6057347670250897]
2020-03-05 17:50:15,824 - Epoch: [13/20]	 Validation Accuracy: 0.5314439387670666	 Validation Loss: 0.008625439155876118
2020-03-05 17:50:15,824 - Val accuracy on different classes: [0.6165228113440198, 0.44472049689440996, 0.5467532467532468, 0.48259010384850337]
2020-03-05 17:50:15,825 - ======================================================================================================================
2020-03-05 17:50:16,289 - Epoch: [14/20]	 Batch[0/114]	 Loss: 0.96369	 Train Accuracy: 0.59375
2020-03-05 17:50:26,213 - Epoch: [14/20]	 Batch[50/114]	 Loss: 0.98072	 Train Accuracy: 0.58701
2020-03-05 17:50:36,173 - Epoch: [14/20]	 Batch[100/114]	 Loss: 1.11061	 Train Accuracy: 0.58718
2020-03-05 17:50:38,788 - Epoch: [14/20]	 Train Accuracy: 0.5879189077368638	 Train Loss: 0.007564602428724841
2020-03-05 17:50:38,789 - Train accuracy on different classes: [0.6504692387904066, 0.4674970805760997, 0.5473903966597077, 0.6103731815306768]
2020-03-05 17:50:41,206 - Epoch: [14/20]	 Validation Accuracy: 0.5260653702937526	 Validation Loss: 0.008859622513009932
2020-03-05 17:50:41,206 - Val accuracy on different classes: [0.6011097410604193, 0.41490683229813663, 0.5311688311688312, 0.5039706780696396]
2020-03-05 17:50:41,206 - ======================================================================================================================
2020-03-05 17:50:41,684 - Epoch: [15/20]	 Batch[0/114]	 Loss: 0.94892	 Train Accuracy: 0.60156
2020-03-05 17:50:51,858 - Epoch: [15/20]	 Batch[50/114]	 Loss: 0.95598	 Train Accuracy: 0.59896
2020-03-05 17:51:01,732 - Epoch: [15/20]	 Batch[100/114]	 Loss: 0.93428	 Train Accuracy: 0.60295
2020-03-05 17:51:04,290 - Epoch: [15/20]	 Train Accuracy: 0.6023996690111709	 Train Loss: 0.0073306224803532626
2020-03-05 17:51:04,290 - Train accuracy on different classes: [0.6586027111574557, 0.488516932658622, 0.5382045929018789, 0.6396795277250685]
2020-03-05 17:51:06,661 - Epoch: [15/20]	 Validation Accuracy: 0.528961522548614	 Validation Loss: 0.009197122457849127
2020-03-05 17:51:06,661 - Val accuracy on different classes: [0.6325524044389642, 0.5304347826086957, 0.4779220779220779, 0.44960293219303604]
2020-03-05 17:51:06,661 - ======================================================================================================================
2020-03-05 17:51:07,123 - Epoch: [16/20]	 Batch[0/114]	 Loss: 0.93484	 Train Accuracy: 0.63281
2020-03-05 17:51:17,006 - Epoch: [16/20]	 Batch[50/114]	 Loss: 0.88680	 Train Accuracy: 0.62224
2020-03-05 17:51:26,816 - Epoch: [16/20]	 Batch[100/114]	 Loss: 0.83828	 Train Accuracy: 0.62160
2020-03-05 17:51:29,264 - Epoch: [16/20]	 Train Accuracy: 0.6198455385464073	 Train Loss: 0.007033147329857326
2020-03-05 17:51:29,265 - Train accuracy on different classes: [0.6746611053180396, 0.5138186064616582, 0.5736951983298538, 0.6451612903225806]
2020-03-05 17:51:31,544 - Epoch: [16/20]	 Validation Accuracy: 0.5270997103847745	 Validation Loss: 0.009423699095863719
2020-03-05 17:51:31,544 - Val accuracy on different classes: [0.45869297163995065, 0.42857142857142855, 0.5233766233766234, 0.6450824679291387]
2020-03-05 17:51:31,545 - ======================================================================================================================
2020-03-05 17:51:32,012 - Epoch: [17/20]	 Batch[0/114]	 Loss: 0.77693	 Train Accuracy: 0.67969
2020-03-05 17:51:41,919 - Epoch: [17/20]	 Batch[50/114]	 Loss: 0.92463	 Train Accuracy: 0.63909
2020-03-05 17:51:52,106 - Epoch: [17/20]	 Batch[100/114]	 Loss: 0.87096	 Train Accuracy: 0.63382
2020-03-05 17:51:54,695 - Epoch: [17/20]	 Train Accuracy: 0.6337056957661013	 Train Loss: 0.0068084872758663074
2020-03-05 17:51:54,695 - Train accuracy on different classes: [0.6911366006256517, 0.5457376411054885, 0.5741127348643006, 0.6533839342188489]
2020-03-05 17:51:57,119 - Epoch: [17/20]	 Validation Accuracy: 0.5314439387670666	 Validation Loss: 0.009506775369119388
2020-03-05 17:51:57,119 - Val accuracy on different classes: [0.47780517879161527, 0.4012422360248447, 0.4896103896103896, 0.6682956627978008]
2020-03-05 17:51:57,120 - ======================================================================================================================
2020-03-05 17:51:57,596 - Epoch: [18/20]	 Batch[0/114]	 Loss: 0.83581	 Train Accuracy: 0.66406
2020-03-05 17:52:07,799 - Epoch: [18/20]	 Batch[50/114]	 Loss: 0.72814	 Train Accuracy: 0.65579
2020-03-05 17:52:17,759 - Epoch: [18/20]	 Batch[100/114]	 Loss: 0.81478	 Train Accuracy: 0.65316
2020-03-05 17:52:20,211 - Epoch: [18/20]	 Train Accuracy: 0.653427113501586	 Train Loss: 0.006476283287150402
2020-03-05 17:52:20,211 - Train accuracy on different classes: [0.7071949947862357, 0.5725963409887116, 0.6045929018789145, 0.6675100147585916]
2020-03-05 17:52:22,541 - Epoch: [18/20]	 Validation Accuracy: 0.5186181216383947	 Validation Loss: 0.010320280325230262
2020-03-05 17:52:22,542 - Val accuracy on different classes: [0.6220715166461159, 0.4956521739130435, 0.4753246753246753, 0.44777031154551006]
2020-03-05 17:52:22,542 - ======================================================================================================================
2020-03-05 17:52:23,015 - Epoch: [19/20]	 Batch[0/114]	 Loss: 0.88132	 Train Accuracy: 0.63281
2020-03-05 17:52:32,857 - Epoch: [19/20]	 Batch[50/114]	 Loss: 0.76763	 Train Accuracy: 0.68122
2020-03-05 17:52:42,731 - Epoch: [19/20]	 Batch[100/114]	 Loss: 0.64692	 Train Accuracy: 0.67644
2020-03-05 17:52:45,315 - Epoch: [19/20]	 Train Accuracy: 0.6744586953523652	 Train Loss: 0.006133341835278706
2020-03-05 17:52:45,315 - Train accuracy on different classes: [0.7142857142857143, 0.5905021409108603, 0.6421711899791231, 0.6959730128610584]
2020-03-05 17:52:47,718 - Epoch: [19/20]	 Validation Accuracy: 0.5111708729830369	 Validation Loss: 0.011202830690266329
2020-03-05 17:52:47,718 - Val accuracy on different classes: [0.5511713933415536, 0.3627329192546584, 0.5727272727272728, 0.5155772755039707]
2020-03-05 17:52:47,718 - ======================================================================================================================
2020-03-05 17:52:48,206 - Epoch: [20/20]	 Batch[0/114]	 Loss: 0.68187	 Train Accuracy: 0.71094
2020-03-05 17:52:58,553 - Epoch: [20/20]	 Batch[50/114]	 Loss: 0.74124	 Train Accuracy: 0.70435
2020-03-05 17:53:08,873 - Epoch: [20/20]	 Batch[100/114]	 Loss: 0.65583	 Train Accuracy: 0.69779
2020-03-05 17:53:11,499 - Epoch: [20/20]	 Train Accuracy: 0.6974210453730519	 Train Loss: 0.0057509739659372125
2020-03-05 17:53:11,499 - Train accuracy on different classes: [0.7472367049009385, 0.6111327364733359, 0.6505219206680585, 0.7174783892051444]
2020-03-05 17:53:13,849 - Epoch: [20/20]	 Validation Accuracy: 0.510757136946628	 Validation Loss: 0.012035030099445006
2020-03-05 17:53:13,849 - Val accuracy on different classes: [0.5635018495684341, 0.41490683229813663, 0.4077922077922078, 0.5540623091020159]
2020-03-05 17:53:13,849 - ======================================================================================================================
